This is pdfTeX, Version 3.14159265-2.6-1.40.18 (TeX Live 2017) (preloaded format=pdflatex 2017.5.23)  24 FEB 2018 17:20
entering extended mode
 restricted \write18 enabled.
 %&-line parsing enabled.
**main.tex
(./main.tex
LaTeX2e <2017-04-15>
Babel <3.10> and hyphenation patterns for 84 language(s) loaded.
(./mitthesis.cls
Document Class: mitthesis 1999/10/20
\vithesis=\count79
(/usr/local/texlive/2017/texmf-dist/tex/latex/base/report.cls
Document Class: report 2014/09/29 v1.4h Standard LaTeX document class
(/usr/local/texlive/2017/texmf-dist/tex/latex/base/size12.clo
File: size12.clo 2014/09/29 v1.4h Standard LaTeX file (size option)
)
\c@part=\count80
\c@chapter=\count81
\c@section=\count82
\c@subsection=\count83
\c@subsubsection=\count84
\c@paragraph=\count85
\c@subparagraph=\count86
\c@figure=\count87
\c@table=\count88
\abovecaptionskip=\skip41
\belowcaptionskip=\skip42
\bibindent=\dimen102
)
(/usr/local/texlive/2017/texmf-dist/tex/latex/setspace/setspace.sty
Package: setspace 2011/12/19 v6.7a set line spacing
)
Thesis document copyright MIT unless otherwise (manually) specified
\@titlesupervisor=\box26
\@abstractsupervisor=\box27
\c@savepage=\count89
) (./lgrind.sty
Package: lgrind 1997/01/30 v3.4 LGrind environment and supporting stuff
\lc@unt=\count90
\ln@xt=\count91
\LGnuminterval=\count92
\LGindent=\skip43
\LGsloppy=\skip44
\procbox=\box28
\ls@far=\box29
\tb@x=\box30
\TBw@d=\dimen103
\@ts=\dimen104
) (/usr/local/texlive/2017/texmf-dist/tex/latex/cmap/cmap.sty
Package: cmap 2008/03/06 v1.0h CMap support: searchable PDF
)
\c@theorem=\count93

(/usr/local/texlive/2017/texmf-dist/tex/latex/graphics/graphicx.sty
Package: graphicx 2014/10/28 v1.0g Enhanced LaTeX Graphics (DPC,SPQR)

(/usr/local/texlive/2017/texmf-dist/tex/latex/graphics/keyval.sty
Package: keyval 2014/10/28 v1.15 key=value parser (DPC)
\KV@toks@=\toks14
)
(/usr/local/texlive/2017/texmf-dist/tex/latex/graphics/graphics.sty
Package: graphics 2017/04/14 v1.1b Standard LaTeX Graphics (DPC,SPQR)

(/usr/local/texlive/2017/texmf-dist/tex/latex/graphics/trig.sty
Package: trig 2016/01/03 v1.10 sin cos tan (DPC)
)
(/usr/local/texlive/2017/texmf-dist/tex/latex/graphics-cfg/graphics.cfg
File: graphics.cfg 2016/06/04 v1.11 sample graphics configuration
)
Package graphics Info: Driver file: pdftex.def on input line 99.

(/usr/local/texlive/2017/texmf-dist/tex/latex/graphics-def/pdftex.def
File: pdftex.def 2017/01/12 v0.06k Graphics/color for pdfTeX

(/usr/local/texlive/2017/texmf-dist/tex/generic/oberdiek/infwarerr.sty
Package: infwarerr 2016/05/16 v1.4 Providing info/warning/error messages (HO)
)
(/usr/local/texlive/2017/texmf-dist/tex/generic/oberdiek/ltxcmds.sty
Package: ltxcmds 2016/05/16 v1.23 LaTeX kernel commands for general use (HO)
)
\Gread@gobject=\count94
))
\Gin@req@height=\dimen105
\Gin@req@width=\dimen106
)
(/usr/local/texlive/2017/texmf-dist/tex/latex/tools/enumerate.sty
Package: enumerate 2015/07/23 v3.00 enumerate extensions (DPC)
\@enLab=\toks15
)
(/usr/local/texlive/2017/texmf-dist/tex/latex/enumitem/enumitem.sty
Package: enumitem 2011/09/28 v3.5.2 Customized lists
\labelindent=\skip45
\enit@outerparindent=\dimen107
\enit@toks=\toks16
\enit@inbox=\box31
\enitdp@description=\count95
)
(/usr/local/texlive/2017/texmf-dist/tex/latex/graphics/color.sty
Package: color 2016/07/10 v1.1e Standard LaTeX Color (DPC)

(/usr/local/texlive/2017/texmf-dist/tex/latex/graphics-cfg/color.cfg
File: color.cfg 2016/01/02 v1.6 sample color configuration
)
Package color Info: Driver file: pdftex.def on input line 147.
)
(/usr/local/texlive/2017/texmf-dist/tex/latex/base/fontenc.sty
Package: fontenc 2017/04/05 v2.0i Standard LaTeX package

(/usr/local/texlive/2017/texmf-dist/tex/latex/base/t1enc.def
File: t1enc.def 2017/04/05 v2.0i Standard LaTeX file
LaTeX Font Info:    Redeclaring font encoding T1 on input line 48.
)<<t1.cmap>>)
(./main.aux (./abstract.aux) (./contents.aux) (./intro.aux) (./design.aux)
(./publicChain.aux) (./community.aux) (./roadmap.aux) (./conclusion.aux)
(./QnA.aux))
\openout1 = `main.aux'.

LaTeX Font Info:    Checking defaults for OML/cmm/m/it on input line 29.
LaTeX Font Info:    ... okay on input line 29.
LaTeX Font Info:    Checking defaults for T1/cmr/m/n on input line 29.
LaTeX Font Info:    ... okay on input line 29.
LaTeX Font Info:    Checking defaults for OT1/cmr/m/n on input line 29.
LaTeX Font Info:    ... okay on input line 29.
LaTeX Font Info:    Checking defaults for OMS/cmsy/m/n on input line 29.
LaTeX Font Info:    ... okay on input line 29.
LaTeX Font Info:    Checking defaults for OMX/cmex/m/n on input line 29.
LaTeX Font Info:    ... okay on input line 29.
LaTeX Font Info:    Checking defaults for U/cmr/m/n on input line 29.
LaTeX Font Info:    ... okay on input line 29.

(/usr/local/texlive/2017/texmf-dist/tex/context/base/mkii/supp-pdf.mkii
[Loading MPS to PDF converter (version 2006.09.02).]
\scratchcounter=\count96
\scratchdimen=\dimen108
\scratchbox=\box32
\nofMPsegments=\count97
\nofMParguments=\count98
\everyMPshowfont=\toks17
\MPscratchCnt=\count99
\MPscratchDim=\dimen109
\MPnumerator=\count100
\makeMPintoPDFobject=\count101
\everyMPtoPDFconversion=\toks18
) (/usr/local/texlive/2017/texmf-dist/tex/generic/oberdiek/pdftexcmds.sty
Package: pdftexcmds 2017/03/19 v0.25 Utility functions of pdfTeX for LuaTeX (HO
)

(/usr/local/texlive/2017/texmf-dist/tex/generic/oberdiek/ifluatex.sty
Package: ifluatex 2016/05/16 v1.4 Provides the ifluatex switch (HO)
Package ifluatex Info: LuaTeX not detected.
)
(/usr/local/texlive/2017/texmf-dist/tex/generic/oberdiek/ifpdf.sty
Package: ifpdf 2017/03/15 v3.2 Provides the ifpdf switch
)
Package pdftexcmds Info: LuaTeX not detected.
Package pdftexcmds Info: \pdf@primitive is available.
Package pdftexcmds Info: \pdf@ifprimitive is available.
Package pdftexcmds Info: \pdfdraftmode found.
)
(/usr/local/texlive/2017/texmf-dist/tex/latex/oberdiek/epstopdf-base.sty
Package: epstopdf-base 2016/05/15 v2.6 Base part for package epstopdf

(/usr/local/texlive/2017/texmf-dist/tex/latex/oberdiek/grfext.sty
Package: grfext 2016/05/16 v1.2 Manage graphics extensions (HO)

(/usr/local/texlive/2017/texmf-dist/tex/generic/oberdiek/kvdefinekeys.sty
Package: kvdefinekeys 2016/05/16 v1.4 Define keys (HO)
))
(/usr/local/texlive/2017/texmf-dist/tex/latex/oberdiek/kvoptions.sty
Package: kvoptions 2016/05/16 v3.12 Key value format for package options (HO)

(/usr/local/texlive/2017/texmf-dist/tex/generic/oberdiek/kvsetkeys.sty
Package: kvsetkeys 2016/05/16 v1.17 Key value parser (HO)

(/usr/local/texlive/2017/texmf-dist/tex/generic/oberdiek/etexcmds.sty
Package: etexcmds 2016/05/16 v1.6 Avoid name clashes with e-TeX commands (HO)
Package etexcmds Info: Could not find \expanded.
(etexcmds)             That can mean that you are not using pdfTeX 1.50 or
(etexcmds)             that some package has redefined \expanded.
(etexcmds)             In the latter case, load this package earlier.
)))
Package epstopdf-base Info: Redefining graphics rule for `.eps' on input line 4
38.
Package grfext Info: Graphics extension search list:
(grfext)             [.png,.pdf,.jpg,.mps,.jpeg,.jbig2,.jb2,.PNG,.PDF,.JPG,.JPE
G,.JBIG2,.JB2,.eps]
(grfext)             \AppendGraphicsExtensions on input line 456.

(/usr/local/texlive/2017/texmf-dist/tex/latex/latexconfig/epstopdf-sys.cfg
File: epstopdf-sys.cfg 2010/07/13 v1.3 Configuration of (r)epstopdf for TeX Liv
e
))
[1

{/usr/local/texlive/2017/texmf-var/fonts/map/pdftex/updmap/pdftex.map}]
\openout2 = `abstract.aux'.


(./abstract.tex<<ot1.cmap>><<oml.cmap>><<oms.cmap>>
LaTeX Font Info:    External font `cmex10' loaded for size
(Font)              <12> on input line 4.
<<omx.cmap>>
LaTeX Font Info:    External font `cmex10' loaded for size
(Font)              <8> on input line 4.
LaTeX Font Info:    External font `cmex10' loaded for size
(Font)              <6> on input line 4.
LaTeX Font Info:    External font `cmex10' loaded for size
(Font)              <7> on input line 4.
LaTeX Font Info:    External font `cmex10' loaded for size
(Font)              <5> on input line 4.

Overfull \hbox (3.14156pt too wide) in paragraph at lines 8--9
[]\T1/cmr/m/n/12 The goal of \T1/cmr/m/it/12 U Net-work \T1/cmr/m/n/12 is to bu
ild a de-cen-tral-ized user-generated-content blockchain
 []

[2


])
\openout2 = `contents.aux'.

 (./contents.tex (./main.toc [3




] [4])
\tf@toc=\write3
\openout3 = `main.toc'.

) [5]
\openout2 = `intro.aux'.

 (./intro.tex [6



]
Chapter 1.
<data_grow.png, id=37, 1196.47pt x 730.73pt>
File: data_grow.png Graphic file (type png)
 <use data_grow.png>
Package pdftex.def Info: data_grow.png used on input line 10.
(pdftex.def)             Requested size: 433.62pt x 264.8243pt.
LaTeX Font Info:    Try loading font information for OMS+cmr on input line 19.

(/usr/local/texlive/2017/texmf-dist/tex/latex/base/omscmr.fd
File: omscmr.fd 2014/09/29 v2.5h Standard LaTeX font definitions
)
LaTeX Font Info:    Font shape `OMS/cmr/m/n' in size <12> not available
(Font)              Font shape `OMS/cmsy/m/n' tried instead on input line 19.
 [7] [8 <./data_grow.png>] [9] [10]) [11]
\openout2 = `design.aux'.

 (./design.tex [12



]
Chapter 2.
[13] [14] [15]
LaTeX Font Info:    Try loading font information for T1+cmtt on input line 57.
 (/usr/local/texlive/2017/texmf-dist/tex/latex/base/t1cmtt.fd
File: t1cmtt.fd 2014/09/29 v2.5h Standard LaTeX font definitions
)
[16] [17] [18]) [19]
\openout2 = `publicChain.aux'.

 (./publicChain.tex [20



]
Chapter 3.

Underfull \vbox (badness 1418) has occurred while \output is active []

 [21]
<Network.png, id=96, 451.6875pt x 275.0275pt>
File: Network.png Graphic file (type png)
 <use Network.png>
Package pdftex.def Info: Network.png used on input line 18.
(pdftex.def)             Requested size: 346.89731pt x 211.23466pt.
 [22]
Overfull \hbox (27.44101pt too wide) in paragraph at lines 34--35
\T1/cmr/m/n/12 Stake) al-go-rithm and an im-proved Prac-ti-cal Byzan-tine Fault
 Tol-er-ant (PBFT) algorithm[[]].
 []

<consensus.png, id=101, 752.8125pt x 992.20688pt>
File: consensus.png Graphic file (type png)
 <use consensus.png>
Package pdftex.def Info: consensus.png used on input line 38.
(pdftex.def)             Requested size: 303.53267pt x 400.07024pt.
 [23 <./Network.png>] [24 <./consensus.png>] [25] [26] [27]
<bft_perf.png, id=120, 362.7954pt x 244.2726pt>
File: bft_perf.png Graphic file (type png)
 <use bft_perf.png>
Package pdftex.def Info: bft_perf.png used on input line 94.
(pdftex.def)             Requested size: 433.62pt x 291.96646pt.

Underfull \vbox (badness 10000) has occurred while \output is active []

 [28 <./bft_perf.png>] [29] [30] [31]) [32]
\openout2 = `community.aux'.

 (./community.tex
Chapter 4.

Underfull \vbox (badness 10000) has occurred while \output is active []

 [33



]
[34] [35] [36] [37] [38] [39]) [40]
\openout2 = `roadmap.aux'.

 (./roadmap.tex
Chapter 5.
[41



] [42] [43]) [44]
\openout2 = `conclusion.aux'.

 (./conclusion.tex
Chapter 6.
) [45



]
\openout2 = `QnA.aux'.

 (./QnA.tex [46



]
Appendix A.

Overfull \hbox (44.00604pt too wide) in paragraph at lines 27--28
[]\T1/cmr/m/n/12 remove di-rec-to-ries: cli/LevelDBQuery, cli/consensus, con-se
n-sus/sbft, net/rpt_test 
 []


Overfull \hbox (63.58861pt too wide) in paragraph at lines 28--29
[]\T1/cmr/m/n/12 remove files: ac-count/account_test.go, con-sen-sus/policy.go,
 con-sen-sus/policyLevel.go,
 []

[47]
Overfull \hbox (53.34282pt too wide) in paragraph at lines 39--40
[]\T1/cmr/m/n/12 move the hash gen-er-a-tion of trans-ac-tion into core/transac
tion/TransactionBuilder.go 
 []

[48]) (./main.bbl) [49



] (./main.aux (./abstract.aux) (./contents.aux)
(./intro.aux) (./design.aux) (./publicChain.aux) (./community.aux)
(./roadmap.aux) (./conclusion.aux) (./QnA.aux)) ) 
Here is how much of TeX's memory you used:
 2501 strings out of 492995
 34851 string characters out of 6132704
 97894 words of memory out of 5000000
 5890 multiletter control sequences out of 15000+600000
 19329 words of font info for 41 fonts, out of 8000000 for 9000
 1141 hyphenation exceptions out of 8191
 39i,8n,25p,1302b,337s stack positions out of 5000i,500n,10000p,200000b,80000s
{/usr/local/texlive/2017/texmf
-dist/fonts/enc/dvips/cm-super/cm-super-t1.enc}</usr/local/texlive/2017/texmf-d
ist/fonts/type1/public/amsfonts/cm/cmex10.pfb></usr/local/texlive/2017/texmf-di
st/fonts/type1/public/amsfonts/cm/cmmi12.pfb></usr/local/texlive/2017/texmf-dis
t/fonts/type1/public/amsfonts/cm/cmmi6.pfb></usr/local/texlive/2017/texmf-dist/
fonts/type1/public/amsfonts/cm/cmmi8.pfb></usr/local/texlive/2017/texmf-dist/fo
nts/type1/public/amsfonts/cm/cmr12.pfb></usr/local/texlive/2017/texmf-dist/font
s/type1/public/amsfonts/cm/cmr8.pfb></usr/local/texlive/2017/texmf-dist/fonts/t
ype1/public/amsfonts/cm/cmsy10.pfb></usr/local/texlive/2017/texmf-dist/fonts/ty
pe1/public/amsfonts/cm/cmsy8.pfb></usr/local/texlive/2017/texmf-dist/fonts/type
1/public/cm-super/sfbi1200.pfb></usr/local/texlive/2017/texmf-dist/fonts/type1/
public/cm-super/sfbi1440.pfb></usr/local/texlive/2017/texmf-dist/fonts/type1/pu
blic/cm-super/sfbi1728.pfb></usr/local/texlive/2017/texmf-dist/fonts/type1/publ
ic/cm-super/sfbi2488.pfb></usr/local/texlive/2017/texmf-dist/fonts/type1/public
/cm-super/sfbx1200.pfb></usr/local/texlive/2017/texmf-dist/fonts/type1/public/c
m-super/sfbx1440.pfb></usr/local/texlive/2017/texmf-dist/fonts/type1/public/cm-
super/sfbx1728.pfb></usr/local/texlive/2017/texmf-dist/fonts/type1/public/cm-su
per/sfbx2488.pfb></usr/local/texlive/2017/texmf-dist/fonts/type1/public/cm-supe
r/sfrm0700.pfb></usr/local/texlive/2017/texmf-dist/fonts/type1/public/cm-super/
sfrm0800.pfb></usr/local/texlive/2017/texmf-dist/fonts/type1/public/cm-super/sf
rm1000.pfb></usr/local/texlive/2017/texmf-dist/fonts/type1/public/cm-super/sfrm
1200.pfb></usr/local/texlive/2017/texmf-dist/fonts/type1/public/cm-super/sfti10
00.pfb></usr/local/texlive/2017/texmf-dist/fonts/type1/public/cm-super/sfti1200
.pfb></usr/local/texlive/2017/texmf-dist/fonts/type1/public/cm-super/sftt1200.p
fb>
Output written on main.pdf (49 pages, 828604 bytes).
PDF statistics:
 270 PDF objects out of 1000 (max. 8388607)
 182 compressed objects within 2 object streams
 0 named destinations out of 1000 (max. 500000)
 41 words of extra memory for PDF output out of 10000 (max. 10000000)

